<?xml version="1.0" encoding="UTF-8"?>
<TestRun id="870a54f3-90fc-4b10-9459-63d07b0b2037" name="axkhan2@WD-XPA6GCAEJ037 2012-12-26 15:06:25" runUser="US\axkhan2" xmlns="http://microsoft.com/schemas/VisualStudio/TeamTest/2010">
  <TestSettings name="Local" id="60d2611c-ed31-4dc8-9970-8070981fe519">
    <Description>These are default test settings for a local test run.</Description>
    <Deployment enabled="false" runDeploymentRoot="axkhan2_WD-XPA6GCAEJ037 2012-12-26 15_06_25">
      <DeploymentItem filename="D:\MyPractices\DOTNET\C#\ConsoleApplications\AutomateUnitTest\AutomateUnitTest\bin\Debug\AutomateUnitTest.exe" />
    </Deployment>
    <Execution>
      <TestTypeSpecific />
      <AgentRule name="Execution Agents">
      </AgentRule>
    </Execution>
  </TestSettings>
  <Times creation="2012-12-26T15:06:25.7743408+05:30" queuing="2012-12-26T15:06:25.8212152+05:30" start="2012-12-26T15:06:25.8212152+05:30" finish="2012-12-26T15:06:26.0868368+05:30" />
  <ResultSummary outcome="Completed">
    <Counters total="4" executed="4" passed="4" error="0" failed="0" timeout="0" aborted="0" inconclusive="0" passedButRunAborted="0" notRunnable="0" notExecuted="0" disconnected="0" warning="0" completed="0" inProgress="0" pending="0" />
  </ResultSummary>
  <TestDefinitions>
    <UnitTest name="RunTest" storage="d:\mypractices\dotnet\c#\consoleapplications\automateunittest\automateunittest.unittest\bin\debug\automateunittest.unittest.dll" id="13677812-2b29-30dd-9331-8d956ee1838d">
      <Execution id="f1fb655a-f994-4868-b031-1a365160e1c2" />
      <TestMethod codeBase="D:/MyPractices/DOTNET/C#/ConsoleApplications/AutomateUnitTest/AutomateUnitTest.UnitTest/bin/Debug/AutomateUnitTest.UnitTest.DLL" adapterTypeName="Microsoft.VisualStudio.TestTools.TestTypes.Unit.UnitTestAdapter, Microsoft.VisualStudio.QualityTools.Tips.UnitTest.Adapter, Version=10.0.0.0, Culture=neutral, PublicKeyToken=b03f5f7f11d50a3a" className="AutomateUnitTest.UnitTest.ProgramTest, AutomateUnitTest.UnitTest, Version=1.0.0.0, Culture=neutral, PublicKeyToken=null" name="RunTest" />
    </UnitTest>
    <UnitTest name="TTTestMethod" storage="d:\mypractices\dotnet\c#\consoleapplications\automateunittest\automateunittest.unittest\bin\debug\automateunittest.unittest.dll" id="684148bc-ef64-24df-95b2-ad129317e582">
      <Execution id="ad06ae71-af65-4220-ae37-d94ccaa5c9a7" />
      <TestMethod codeBase="D:/MyPractices/DOTNET/C#/ConsoleApplications/AutomateUnitTest/AutomateUnitTest.UnitTest/bin/Debug/AutomateUnitTest.UnitTest.DLL" adapterTypeName="Microsoft.VisualStudio.TestTools.TestTypes.Unit.UnitTestAdapter, Microsoft.VisualStudio.QualityTools.Tips.UnitTest.Adapter, Version=10.0.0.0, Culture=neutral, PublicKeyToken=b03f5f7f11d50a3a" className="AutomateUnitTest.UnitTest.MyGeneratedClass, AutomateUnitTest.UnitTest, Version=1.0.0.0, Culture=neutral, PublicKeyToken=null" name="TTTestMethod" />
    </UnitTest>
    <UnitTest name="AdditionTest" storage="d:\mypractices\dotnet\c#\consoleapplications\automateunittest\automateunittest.unittest\bin\debug\automateunittest.unittest.dll" id="b4588f87-32e5-cf36-428d-a6e5fa89780f">
      <Execution id="fe280730-89fc-4779-bc47-924d34bf2ea4" />
      <TestMethod codeBase="D:/MyPractices/DOTNET/C#/ConsoleApplications/AutomateUnitTest/AutomateUnitTest.UnitTest/bin/Debug/AutomateUnitTest.UnitTest.DLL" adapterTypeName="Microsoft.VisualStudio.TestTools.TestTypes.Unit.UnitTestAdapter, Microsoft.VisualStudio.QualityTools.Tips.UnitTest.Adapter, Version=10.0.0.0, Culture=neutral, PublicKeyToken=b03f5f7f11d50a3a" className="AutomateUnitTest.UnitTest.ProgramTest, AutomateUnitTest.UnitTest, Version=1.0.0.0, Culture=neutral, PublicKeyToken=null" name="AdditionTest" />
    </UnitTest>
    <UnitTest name="SubtractionTest" storage="d:\mypractices\dotnet\c#\consoleapplications\automateunittest\automateunittest.unittest\bin\debug\automateunittest.unittest.dll" id="698bc669-a7aa-7938-b853-f280423d79e4">
      <Execution id="b5676b84-336b-4e02-a6e9-9e5c01a8e1e8" />
      <TestMethod codeBase="D:/MyPractices/DOTNET/C#/ConsoleApplications/AutomateUnitTest/AutomateUnitTest.UnitTest/bin/Debug/AutomateUnitTest.UnitTest.DLL" adapterTypeName="Microsoft.VisualStudio.TestTools.TestTypes.Unit.UnitTestAdapter, Microsoft.VisualStudio.QualityTools.Tips.UnitTest.Adapter, Version=10.0.0.0, Culture=neutral, PublicKeyToken=b03f5f7f11d50a3a" className="AutomateUnitTest.UnitTest.ProgramTest, AutomateUnitTest.UnitTest, Version=1.0.0.0, Culture=neutral, PublicKeyToken=null" name="SubtractionTest" />
    </UnitTest>
  </TestDefinitions>
  <TestLists>
    <TestList name="Results Not in a List" id="8c84fa94-04c1-424b-9868-57a2d4851a1d" />
    <TestList name="All Loaded Results" id="19431567-8539-422a-85d7-44ee4e166bda" />
  </TestLists>
  <TestEntries>
    <TestEntry testId="13677812-2b29-30dd-9331-8d956ee1838d" executionId="f1fb655a-f994-4868-b031-1a365160e1c2" testListId="8c84fa94-04c1-424b-9868-57a2d4851a1d" />
    <TestEntry testId="684148bc-ef64-24df-95b2-ad129317e582" executionId="ad06ae71-af65-4220-ae37-d94ccaa5c9a7" testListId="8c84fa94-04c1-424b-9868-57a2d4851a1d" />
    <TestEntry testId="698bc669-a7aa-7938-b853-f280423d79e4" executionId="b5676b84-336b-4e02-a6e9-9e5c01a8e1e8" testListId="8c84fa94-04c1-424b-9868-57a2d4851a1d" />
    <TestEntry testId="b4588f87-32e5-cf36-428d-a6e5fa89780f" executionId="fe280730-89fc-4779-bc47-924d34bf2ea4" testListId="8c84fa94-04c1-424b-9868-57a2d4851a1d" />
  </TestEntries>
  <Results>
    <UnitTestResult executionId="f1fb655a-f994-4868-b031-1a365160e1c2" testId="13677812-2b29-30dd-9331-8d956ee1838d" testName="RunTest" computerName="WD-XPA6GCAEJ037" duration="00:00:00.0124882" startTime="2012-12-26T15:06:25.8212152+05:30" endTime="2012-12-26T15:06:26.0555872+05:30" testType="13cdc9d9-ddb5-4fa4-a97d-d965ccfc6d4b" outcome="Passed" testListId="8c84fa94-04c1-424b-9868-57a2d4851a1d" relativeResultsDirectory="f1fb655a-f994-4868-b031-1a365160e1c2">
      <Output>
        <StdOut>Hello world</StdOut>
      </Output>
    </UnitTestResult>
    <UnitTestResult executionId="ad06ae71-af65-4220-ae37-d94ccaa5c9a7" testId="684148bc-ef64-24df-95b2-ad129317e582" testName="TTTestMethod" computerName="WD-XPA6GCAEJ037" duration="00:00:00.0029929" startTime="2012-12-26T15:06:26.0555872+05:30" endTime="2012-12-26T15:06:26.0712120+05:30" testType="13cdc9d9-ddb5-4fa4-a97d-d965ccfc6d4b" outcome="Passed" testListId="8c84fa94-04c1-424b-9868-57a2d4851a1d" relativeResultsDirectory="ad06ae71-af65-4220-ae37-d94ccaa5c9a7">
    </UnitTestResult>
    <UnitTestResult executionId="b5676b84-336b-4e02-a6e9-9e5c01a8e1e8" testId="698bc669-a7aa-7938-b853-f280423d79e4" testName="SubtractionTest" computerName="WD-XPA6GCAEJ037" duration="00:00:00.0003191" startTime="2012-12-26T15:06:26.0712120+05:30" endTime="2012-12-26T15:06:26.0712120+05:30" testType="13cdc9d9-ddb5-4fa4-a97d-d965ccfc6d4b" outcome="Passed" testListId="8c84fa94-04c1-424b-9868-57a2d4851a1d" relativeResultsDirectory="b5676b84-336b-4e02-a6e9-9e5c01a8e1e8">
    </UnitTestResult>
    <UnitTestResult executionId="fe280730-89fc-4779-bc47-924d34bf2ea4" testId="b4588f87-32e5-cf36-428d-a6e5fa89780f" testName="AdditionTest" computerName="WD-XPA6GCAEJ037" duration="00:00:00.0001346" startTime="2012-12-26T15:06:26.0712120+05:30" endTime="2012-12-26T15:06:26.0712120+05:30" testType="13cdc9d9-ddb5-4fa4-a97d-d965ccfc6d4b" outcome="Passed" testListId="8c84fa94-04c1-424b-9868-57a2d4851a1d" relativeResultsDirectory="fe280730-89fc-4779-bc47-924d34bf2ea4">
    </UnitTestResult>
  </Results>
</TestRun>