<?xml version="1.0" encoding="UTF-8"?>
<TestRun id="32b1b0e5-7536-45ce-88aa-b78e1f9bec09" name="axkhan2@WD-XPA6GCAEJ037 2012-12-26 14:10:32" runUser="US\axkhan2" xmlns="http://microsoft.com/schemas/VisualStudio/TeamTest/2010">
  <TestSettings name="Local" id="60d2611c-ed31-4dc8-9970-8070981fe519">
    <Description>These are default test settings for a local test run.</Description>
    <Deployment enabled="false" runDeploymentRoot="axkhan2_WD-XPA6GCAEJ037 2012-12-26 14_10_32">
      <DeploymentItem filename="D:\MyPractices\DOTNET\C#\ConsoleApplications\AutomateUnitTest\AutomateUnitTest\bin\Debug\AutomateUnitTest.exe" />
    </Deployment>
    <Execution>
      <TestTypeSpecific />
      <AgentRule name="Execution Agents">
      </AgentRule>
    </Execution>
  </TestSettings>
  <Times creation="2012-12-26T14:10:32.2090430+05:30" queuing="2012-12-26T14:10:33.1465670+05:30" start="2012-12-26T14:10:33.1934432+05:30" finish="2012-12-26T14:10:34.0372148+05:30" />
  <ResultSummary outcome="Completed">
    <Counters total="1" executed="1" passed="1" error="0" failed="0" timeout="0" aborted="0" inconclusive="0" passedButRunAborted="0" notRunnable="0" notExecuted="0" disconnected="0" warning="0" completed="0" inProgress="0" pending="0" />
  </ResultSummary>
  <TestDefinitions>
    <UnitTest name="AdditionTest" storage="d:\mypractices\dotnet\c#\consoleapplications\automateunittest\automateunittest.unittest\bin\debug\automateunittest.unittest.dll" id="b4588f87-32e5-cf36-428d-a6e5fa89780f">
      <Execution id="2d8730cc-08ea-4865-8d85-cbabe5780348" />
      <TestMethod codeBase="D:/MyPractices/DOTNET/C#/ConsoleApplications/AutomateUnitTest/AutomateUnitTest.UnitTest/bin/Debug/AutomateUnitTest.UnitTest.DLL" adapterTypeName="Microsoft.VisualStudio.TestTools.TestTypes.Unit.UnitTestAdapter, Microsoft.VisualStudio.QualityTools.Tips.UnitTest.Adapter, Version=10.0.0.0, Culture=neutral, PublicKeyToken=b03f5f7f11d50a3a" className="AutomateUnitTest.UnitTest.ProgramTest, AutomateUnitTest.UnitTest, Version=1.0.0.0, Culture=neutral, PublicKeyToken=null" name="AdditionTest" />
    </UnitTest>
  </TestDefinitions>
  <TestLists>
    <TestList name="Results Not in a List" id="8c84fa94-04c1-424b-9868-57a2d4851a1d" />
    <TestList name="All Loaded Results" id="19431567-8539-422a-85d7-44ee4e166bda" />
  </TestLists>
  <TestEntries>
    <TestEntry testId="b4588f87-32e5-cf36-428d-a6e5fa89780f" executionId="2d8730cc-08ea-4865-8d85-cbabe5780348" testListId="8c84fa94-04c1-424b-9868-57a2d4851a1d" />
  </TestEntries>
  <Results>
    <UnitTestResult executionId="2d8730cc-08ea-4865-8d85-cbabe5780348" testId="b4588f87-32e5-cf36-428d-a6e5fa89780f" testName="AdditionTest" computerName="WD-XPA6GCAEJ037" duration="00:00:00.0278141" startTime="2012-12-26T14:10:33.2403194+05:30" endTime="2012-12-26T14:10:33.9903386+05:30" testType="13cdc9d9-ddb5-4fa4-a97d-d965ccfc6d4b" outcome="Passed" testListId="8c84fa94-04c1-424b-9868-57a2d4851a1d" relativeResultsDirectory="2d8730cc-08ea-4865-8d85-cbabe5780348">
    </UnitTestResult>
  </Results>
</TestRun>