<?xml version="1.0" encoding="UTF-8"?>
<TestRun id="59377867-7a83-4e9f-959c-d30bf1ca25c7" name="axkhan2@WD-XPA6GCAEJ037 2012-12-26 14:32:16" runUser="US\axkhan2" xmlns="http://microsoft.com/schemas/VisualStudio/TeamTest/2010">
  <TestSettings name="Local" id="60d2611c-ed31-4dc8-9970-8070981fe519">
    <Description>These are default test settings for a local test run.</Description>
    <Deployment userDeploymentRoot="D:\MyPractices\DOTNET\C#\ConsoleApplications\AutomateUnitTest\TestResults" useDefaultDeploymentRoot="false" enabled="false" runDeploymentRoot="axkhan2_WD-XPA6GCAEJ037 2012-12-26 14_32_16">
      <DeploymentItem filename="D:\MyPractices\DOTNET\C#\ConsoleApplications\AutomateUnitTest\AutomateUnitTest\bin\Debug\AutomateUnitTest.exe" />
    </Deployment>
    <Execution>
      <TestTypeSpecific />
      <AgentRule name="Execution Agents">
      </AgentRule>
    </Execution>
  </TestSettings>
  <Times creation="2012-12-26T14:32:16.1514768+05:30" queuing="2012-12-26T14:32:16.1827264+05:30" start="2012-12-26T14:32:16.1827264+05:30" finish="2012-12-26T14:32:16.4483480+05:30" />
  <ResultSummary outcome="Completed">
    <Counters total="3" executed="3" passed="3" error="0" failed="0" timeout="0" aborted="0" inconclusive="0" passedButRunAborted="0" notRunnable="0" notExecuted="0" disconnected="0" warning="0" completed="0" inProgress="0" pending="0" />
  </ResultSummary>
  <TestDefinitions>
    <UnitTest name="RunTest" storage="d:\mypractices\dotnet\c#\consoleapplications\automateunittest\automateunittest.unittest\bin\debug\automateunittest.unittest.dll" id="13677812-2b29-30dd-9331-8d956ee1838d">
      <Execution id="9593245c-a91f-4499-918d-a5ec24c03421" />
      <TestMethod codeBase="D:/MyPractices/DOTNET/C#/ConsoleApplications/AutomateUnitTest/AutomateUnitTest.UnitTest/bin/Debug/AutomateUnitTest.UnitTest.DLL" adapterTypeName="Microsoft.VisualStudio.TestTools.TestTypes.Unit.UnitTestAdapter, Microsoft.VisualStudio.QualityTools.Tips.UnitTest.Adapter, Version=10.0.0.0, Culture=neutral, PublicKeyToken=b03f5f7f11d50a3a" className="AutomateUnitTest.UnitTest.ProgramTest, AutomateUnitTest.UnitTest, Version=1.0.0.0, Culture=neutral, PublicKeyToken=null" name="RunTest" />
    </UnitTest>
    <UnitTest name="AdditionTest" storage="d:\mypractices\dotnet\c#\consoleapplications\automateunittest\automateunittest.unittest\bin\debug\automateunittest.unittest.dll" id="b4588f87-32e5-cf36-428d-a6e5fa89780f">
      <Execution id="541df251-f223-434a-bd6a-c5656e100587" />
      <TestMethod codeBase="D:/MyPractices/DOTNET/C#/ConsoleApplications/AutomateUnitTest/AutomateUnitTest.UnitTest/bin/Debug/AutomateUnitTest.UnitTest.DLL" adapterTypeName="Microsoft.VisualStudio.TestTools.TestTypes.Unit.UnitTestAdapter, Microsoft.VisualStudio.QualityTools.Tips.UnitTest.Adapter, Version=10.0.0.0, Culture=neutral, PublicKeyToken=b03f5f7f11d50a3a" className="AutomateUnitTest.UnitTest.ProgramTest, AutomateUnitTest.UnitTest, Version=1.0.0.0, Culture=neutral, PublicKeyToken=null" name="AdditionTest" />
    </UnitTest>
    <UnitTest name="SubtractionTest" storage="d:\mypractices\dotnet\c#\consoleapplications\automateunittest\automateunittest.unittest\bin\debug\automateunittest.unittest.dll" id="698bc669-a7aa-7938-b853-f280423d79e4">
      <Execution id="77513a36-5b78-466c-9c5d-9e4be5616f2c" />
      <TestMethod codeBase="D:/MyPractices/DOTNET/C#/ConsoleApplications/AutomateUnitTest/AutomateUnitTest.UnitTest/bin/Debug/AutomateUnitTest.UnitTest.DLL" adapterTypeName="Microsoft.VisualStudio.TestTools.TestTypes.Unit.UnitTestAdapter, Microsoft.VisualStudio.QualityTools.Tips.UnitTest.Adapter, Version=10.0.0.0, Culture=neutral, PublicKeyToken=b03f5f7f11d50a3a" className="AutomateUnitTest.UnitTest.ProgramTest, AutomateUnitTest.UnitTest, Version=1.0.0.0, Culture=neutral, PublicKeyToken=null" name="SubtractionTest" />
    </UnitTest>
  </TestDefinitions>
  <TestLists>
    <TestList name="Results Not in a List" id="8c84fa94-04c1-424b-9868-57a2d4851a1d" />
    <TestList name="All Loaded Results" id="19431567-8539-422a-85d7-44ee4e166bda" />
  </TestLists>
  <TestEntries>
    <TestEntry testId="13677812-2b29-30dd-9331-8d956ee1838d" executionId="9593245c-a91f-4499-918d-a5ec24c03421" testListId="8c84fa94-04c1-424b-9868-57a2d4851a1d" />
    <TestEntry testId="698bc669-a7aa-7938-b853-f280423d79e4" executionId="77513a36-5b78-466c-9c5d-9e4be5616f2c" testListId="8c84fa94-04c1-424b-9868-57a2d4851a1d" />
    <TestEntry testId="b4588f87-32e5-cf36-428d-a6e5fa89780f" executionId="541df251-f223-434a-bd6a-c5656e100587" testListId="8c84fa94-04c1-424b-9868-57a2d4851a1d" />
  </TestEntries>
  <Results>
    <UnitTestResult executionId="9593245c-a91f-4499-918d-a5ec24c03421" testId="13677812-2b29-30dd-9331-8d956ee1838d" testName="RunTest" computerName="WD-XPA6GCAEJ037" duration="00:00:00.0114336" startTime="2012-12-26T14:32:16.1983512+05:30" endTime="2012-12-26T14:32:16.4170984+05:30" testType="13cdc9d9-ddb5-4fa4-a97d-d965ccfc6d4b" outcome="Passed" testListId="8c84fa94-04c1-424b-9868-57a2d4851a1d" relativeResultsDirectory="9593245c-a91f-4499-918d-a5ec24c03421">
      <Output>
        <StdOut>Hello world</StdOut>
      </Output>
    </UnitTestResult>
    <UnitTestResult executionId="77513a36-5b78-466c-9c5d-9e4be5616f2c" testId="698bc669-a7aa-7938-b853-f280423d79e4" testName="SubtractionTest" computerName="WD-XPA6GCAEJ037" duration="00:00:00.0029037" startTime="2012-12-26T14:32:16.4170984+05:30" endTime="2012-12-26T14:32:16.4327232+05:30" testType="13cdc9d9-ddb5-4fa4-a97d-d965ccfc6d4b" outcome="Passed" testListId="8c84fa94-04c1-424b-9868-57a2d4851a1d" relativeResultsDirectory="77513a36-5b78-466c-9c5d-9e4be5616f2c">
    </UnitTestResult>
    <UnitTestResult executionId="541df251-f223-434a-bd6a-c5656e100587" testId="b4588f87-32e5-cf36-428d-a6e5fa89780f" testName="AdditionTest" computerName="WD-XPA6GCAEJ037" duration="00:00:00.0002065" startTime="2012-12-26T14:32:16.4327232+05:30" endTime="2012-12-26T14:32:16.4327232+05:30" testType="13cdc9d9-ddb5-4fa4-a97d-d965ccfc6d4b" outcome="Passed" testListId="8c84fa94-04c1-424b-9868-57a2d4851a1d" relativeResultsDirectory="541df251-f223-434a-bd6a-c5656e100587">
    </UnitTestResult>
  </Results>
</TestRun>