<?xml version="1.0" encoding="UTF-8"?>
<TestRun id="e6df6213-5b74-4423-9944-41c016ad4f98" name="axkhan2@WD-XPA6GCAEJ037 2012-12-26 14:32:27" runUser="US\axkhan2" xmlns="http://microsoft.com/schemas/VisualStudio/TeamTest/2010">
  <TestSettings name="Local" id="60d2611c-ed31-4dc8-9970-8070981fe519">
    <Description>These are default test settings for a local test run.</Description>
    <Deployment enabled="false" runDeploymentRoot="axkhan2_WD-XPA6GCAEJ037 2012-12-26 14_32_27">
      <DeploymentItem filename="D:\MyPractices\DOTNET\C#\ConsoleApplications\AutomateUnitTest\AutomateUnitTest\bin\Debug\AutomateUnitTest.exe" />
    </Deployment>
    <Execution>
      <TestTypeSpecific />
      <AgentRule name="Execution Agents">
      </AgentRule>
    </Execution>
  </TestSettings>
  <Times creation="2012-12-26T14:32:27.9794504+05:30" queuing="2012-12-26T14:32:28.9950624+05:30" start="2012-12-26T14:32:29.1044360+05:30" finish="2012-12-26T14:32:33.3856312+05:30" />
  <ResultSummary outcome="Completed">
    <Counters total="3" executed="3" passed="3" error="0" failed="0" timeout="0" aborted="0" inconclusive="0" passedButRunAborted="0" notRunnable="0" notExecuted="0" disconnected="0" warning="0" completed="0" inProgress="0" pending="0" />
  </ResultSummary>
  <TestDefinitions>
    <UnitTest name="RunTest" storage="d:\mypractices\dotnet\c#\consoleapplications\automateunittest\automateunittest.unittest\bin\debug\automateunittest.unittest.dll" id="13677812-2b29-30dd-9331-8d956ee1838d">
      <Execution id="713716d9-e75f-46c5-972a-08ac24132fc0" />
      <TestMethod codeBase="D:/MyPractices/DOTNET/C#/ConsoleApplications/AutomateUnitTest/AutomateUnitTest.UnitTest/bin/Debug/AutomateUnitTest.UnitTest.DLL" adapterTypeName="Microsoft.VisualStudio.TestTools.TestTypes.Unit.UnitTestAdapter, Microsoft.VisualStudio.QualityTools.Tips.UnitTest.Adapter, Version=10.0.0.0, Culture=neutral, PublicKeyToken=b03f5f7f11d50a3a" className="AutomateUnitTest.UnitTest.ProgramTest, AutomateUnitTest.UnitTest, Version=1.0.0.0, Culture=neutral, PublicKeyToken=null" name="RunTest" />
    </UnitTest>
    <UnitTest name="AdditionTest" storage="d:\mypractices\dotnet\c#\consoleapplications\automateunittest\automateunittest.unittest\bin\debug\automateunittest.unittest.dll" id="b4588f87-32e5-cf36-428d-a6e5fa89780f">
      <Execution id="f9f2fecb-1dbd-4c54-b3a0-99a0622ba13f" />
      <TestMethod codeBase="D:/MyPractices/DOTNET/C#/ConsoleApplications/AutomateUnitTest/AutomateUnitTest.UnitTest/bin/Debug/AutomateUnitTest.UnitTest.DLL" adapterTypeName="Microsoft.VisualStudio.TestTools.TestTypes.Unit.UnitTestAdapter, Microsoft.VisualStudio.QualityTools.Tips.UnitTest.Adapter, Version=10.0.0.0, Culture=neutral, PublicKeyToken=b03f5f7f11d50a3a" className="AutomateUnitTest.UnitTest.ProgramTest, AutomateUnitTest.UnitTest, Version=1.0.0.0, Culture=neutral, PublicKeyToken=null" name="AdditionTest" />
    </UnitTest>
    <UnitTest name="SubtractionTest" storage="d:\mypractices\dotnet\c#\consoleapplications\automateunittest\automateunittest.unittest\bin\debug\automateunittest.unittest.dll" id="698bc669-a7aa-7938-b853-f280423d79e4">
      <Execution id="333227c0-0f80-4a90-a137-dd630a1e6977" />
      <TestMethod codeBase="D:/MyPractices/DOTNET/C#/ConsoleApplications/AutomateUnitTest/AutomateUnitTest.UnitTest/bin/Debug/AutomateUnitTest.UnitTest.DLL" adapterTypeName="Microsoft.VisualStudio.TestTools.TestTypes.Unit.UnitTestAdapter, Microsoft.VisualStudio.QualityTools.Tips.UnitTest.Adapter, Version=10.0.0.0, Culture=neutral, PublicKeyToken=b03f5f7f11d50a3a" className="AutomateUnitTest.UnitTest.ProgramTest, AutomateUnitTest.UnitTest, Version=1.0.0.0, Culture=neutral, PublicKeyToken=null" name="SubtractionTest" />
    </UnitTest>
  </TestDefinitions>
  <TestLists>
    <TestList name="Results Not in a List" id="8c84fa94-04c1-424b-9868-57a2d4851a1d" />
    <TestList name="All Loaded Results" id="19431567-8539-422a-85d7-44ee4e166bda" />
  </TestLists>
  <TestEntries>
    <TestEntry testId="13677812-2b29-30dd-9331-8d956ee1838d" executionId="713716d9-e75f-46c5-972a-08ac24132fc0" testListId="8c84fa94-04c1-424b-9868-57a2d4851a1d" />
    <TestEntry testId="698bc669-a7aa-7938-b853-f280423d79e4" executionId="333227c0-0f80-4a90-a137-dd630a1e6977" testListId="8c84fa94-04c1-424b-9868-57a2d4851a1d" />
    <TestEntry testId="b4588f87-32e5-cf36-428d-a6e5fa89780f" executionId="f9f2fecb-1dbd-4c54-b3a0-99a0622ba13f" testListId="8c84fa94-04c1-424b-9868-57a2d4851a1d" />
  </TestEntries>
  <Results>
    <UnitTestResult executionId="713716d9-e75f-46c5-972a-08ac24132fc0" testId="13677812-2b29-30dd-9331-8d956ee1838d" testName="RunTest" computerName="WD-XPA6GCAEJ037" duration="00:00:03.3656485" startTime="2012-12-26T14:32:29.2450592+05:30" endTime="2012-12-26T14:32:33.3075072+05:30" testType="13cdc9d9-ddb5-4fa4-a97d-d965ccfc6d4b" outcome="Passed" testListId="8c84fa94-04c1-424b-9868-57a2d4851a1d" relativeResultsDirectory="713716d9-e75f-46c5-972a-08ac24132fc0">
      <Output>
        <StdOut>Hello world</StdOut>
      </Output>
    </UnitTestResult>
    <UnitTestResult executionId="333227c0-0f80-4a90-a137-dd630a1e6977" testId="698bc669-a7aa-7938-b853-f280423d79e4" testName="SubtractionTest" computerName="WD-XPA6GCAEJ037" duration="00:00:00.0099257" startTime="2012-12-26T14:32:33.3231320+05:30" endTime="2012-12-26T14:32:33.3387568+05:30" testType="13cdc9d9-ddb5-4fa4-a97d-d965ccfc6d4b" outcome="Passed" testListId="8c84fa94-04c1-424b-9868-57a2d4851a1d" relativeResultsDirectory="333227c0-0f80-4a90-a137-dd630a1e6977">
    </UnitTestResult>
    <UnitTestResult executionId="f9f2fecb-1dbd-4c54-b3a0-99a0622ba13f" testId="b4588f87-32e5-cf36-428d-a6e5fa89780f" testName="AdditionTest" computerName="WD-XPA6GCAEJ037" duration="00:00:00.0002591" startTime="2012-12-26T14:32:33.3387568+05:30" endTime="2012-12-26T14:32:33.3387568+05:30" testType="13cdc9d9-ddb5-4fa4-a97d-d965ccfc6d4b" outcome="Passed" testListId="8c84fa94-04c1-424b-9868-57a2d4851a1d" relativeResultsDirectory="f9f2fecb-1dbd-4c54-b3a0-99a0622ba13f">
    </UnitTestResult>
  </Results>
</TestRun>